  Source.cpp
C:\Users\PC602\Downloads\Lab1_CTdl\Phần E\Bai2\Bai2\Source.cpp(42,11): warning C4267: 'initializing': conversion from 'size_t' to 'int', possible loss of data
C:\Users\PC602\Downloads\Lab1_CTdl\Phần E\Bai2\Bai2\Source.cpp(59,17): warning C4566: character represented by universal-character-name '\u1EAD' cannot be represented in the current code page (1252)
C:\Users\PC602\Downloads\Lab1_CTdl\Phần E\Bai2\Bai2\Source.cpp(59,17): warning C4566: character represented by universal-character-name '\u1ED1' cannot be represented in the current code page (1252)
C:\Users\PC602\Downloads\Lab1_CTdl\Phần E\Bai2\Bai2\Source.cpp(59,17): warning C4566: character represented by universal-character-name '\u0111' cannot be represented in the current code page (1252)
C:\Users\PC602\Downloads\Lab1_CTdl\Phần E\Bai2\Bai2\Source.cpp(59,17): warning C4566: character represented by universal-character-name '\u1ED9' cannot be represented in the current code page (1252)
C:\Users\PC602\Downloads\Lab1_CTdl\Phần E\Bai2\Bai2\Source.cpp(59,17): warning C4566: character represented by universal-character-name '\u1EA3' cannot be represented in the current code page (1252)
C:\Users\PC602\Downloads\Lab1_CTdl\Phần E\Bai2\Bai2\Source.cpp(59,17): warning C4566: character represented by universal-character-name '\u1EF9' cannot be represented in the current code page (1252)
C:\Users\PC602\Downloads\Lab1_CTdl\Phần E\Bai2\Bai2\Source.cpp(59,17): warning C4566: character represented by universal-character-name '\u1EEB' cannot be represented in the current code page (1252)
C:\Users\PC602\Downloads\Lab1_CTdl\Phần E\Bai2\Bai2\Source.cpp(59,17): warning C4566: character represented by universal-character-name '\u1EE7' cannot be represented in the current code page (1252)
C:\Users\PC602\Downloads\Lab1_CTdl\Phần E\Bai2\Bai2\Source.cpp(65,21): warning C4566: character represented by universal-character-name '\u0110' cannot be represented in the current code page (1252)
C:\Users\PC602\Downloads\Lab1_CTdl\Phần E\Bai2\Bai2\Source.cpp(65,21): warning C4566: character represented by universal-character-name '\u1EA7' cannot be represented in the current code page (1252)
C:\Users\PC602\Downloads\Lab1_CTdl\Phần E\Bai2\Bai2\Source.cpp(65,21): warning C4566: character represented by universal-character-name '\u1EE3' cannot be represented in the current code page (1252)
C:\Users\PC602\Downloads\Lab1_CTdl\Phần E\Bai2\Bai2\Source.cpp(65,21): warning C4566: character represented by universal-character-name '\u1EC7' cannot be represented in the current code page (1252)
C:\Users\PC602\Downloads\Lab1_CTdl\Phần E\Bai2\Bai2\Source.cpp(65,21): warning C4566: character represented by universal-character-name '\u1EAD' cannot be represented in the current code page (1252)
C:\Users\PC602\Downloads\Lab1_CTdl\Phần E\Bai2\Bai2\Source.cpp(65,21): warning C4566: character represented by universal-character-name '\u1ED9' cannot be represented in the current code page (1252)
C:\Users\PC602\Downloads\Lab1_CTdl\Phần E\Bai2\Bai2\Source.cpp(65,21): warning C4566: character represented by universal-character-name '\u1ED1' cannot be represented in the current code page (1252)
C:\Users\PC602\Downloads\Lab1_CTdl\Phần E\Bai2\Bai2\Source.cpp(73,21): warning C4566: character represented by universal-character-name '\u1ED1' cannot be represented in the current code page (1252)
C:\Users\PC602\Downloads\Lab1_CTdl\Phần E\Bai2\Bai2\Source.cpp(73,21): warning C4566: character represented by universal-character-name '\u0111' cannot be represented in the current code page (1252)
C:\Users\PC602\Downloads\Lab1_CTdl\Phần E\Bai2\Bai2\Source.cpp(73,21): warning C4566: character represented by universal-character-name '\u1ED9' cannot be represented in the current code page (1252)
C:\Users\PC602\Downloads\Lab1_CTdl\Phần E\Bai2\Bai2\Source.cpp(73,21): warning C4566: character represented by universal-character-name '\u1EA3' cannot be represented in the current code page (1252)
C:\Users\PC602\Downloads\Lab1_CTdl\Phần E\Bai2\Bai2\Source.cpp(73,21): warning C4566: character represented by universal-character-name '\u1EF9' cannot be represented in the current code page (1252)
C:\Users\PC602\Downloads\Lab1_CTdl\Phần E\Bai2\Bai2\Source.cpp(73,21): warning C4566: character represented by universal-character-name '\u1EEB' cannot be represented in the current code page (1252)
C:\Users\PC602\Downloads\Lab1_CTdl\Phần E\Bai2\Bai2\Source.cpp(73,21): warning C4566: character represented by universal-character-name '\u1EE7' cannot be represented in the current code page (1252)
C:\Users\PC602\Downloads\Lab1_CTdl\Phần E\Bai2\Bai2\Source.cpp(73,21): warning C4566: character represented by universal-character-name '\u1EAD' cannot be represented in the current code page (1252)
C:\Users\PC602\Downloads\Lab1_CTdl\Phần E\Bai2\Bai2\Source.cpp(73,21): warning C4566: character represented by universal-character-name '\u1EA1' cannot be represented in the current code page (1252)
C:\Users\PC602\Downloads\Lab1_CTdl\Phần E\Bai2\Bai2\Source.cpp(80,17): warning C4566: character represented by universal-character-name '\u1ED1' cannot be represented in the current code page (1252)
C:\Users\PC602\Downloads\Lab1_CTdl\Phần E\Bai2\Bai2\Source.cpp(80,17): warning C4566: character represented by universal-character-name '\u0111' cannot be represented in the current code page (1252)
C:\Users\PC602\Downloads\Lab1_CTdl\Phần E\Bai2\Bai2\Source.cpp(80,17): warning C4566: character represented by universal-character-name '\u1ED9' cannot be represented in the current code page (1252)
C:\Users\PC602\Downloads\Lab1_CTdl\Phần E\Bai2\Bai2\Source.cpp(80,17): warning C4566: character represented by universal-character-name '\u1EA3' cannot be represented in the current code page (1252)
C:\Users\PC602\Downloads\Lab1_CTdl\Phần E\Bai2\Bai2\Source.cpp(80,17): warning C4566: character represented by universal-character-name '\u1EF9' cannot be represented in the current code page (1252)
C:\Users\PC602\Downloads\Lab1_CTdl\Phần E\Bai2\Bai2\Source.cpp(80,17): warning C4566: character represented by universal-character-name '\u1EEB' cannot be represented in the current code page (1252)
C:\Users\PC602\Downloads\Lab1_CTdl\Phần E\Bai2\Bai2\Source.cpp(80,17): warning C4566: character represented by universal-character-name '\u1EE7' cannot be represented in the current code page (1252)
  Bai2.vcxproj -> C:\Users\PC602\Downloads\Lab1_CTdl\Phần E\Bai2\x64\Debug\Bai2.exe
