  Source.cpp
C:\Users\PC602\Downloads\Lab1_CTdl\Phần E\Bai1\Bai1\Source.cpp(32,22): warning C4566: character represented by universal-character-name '\u1ECD' cannot be represented in the current code page (1252)
C:\Users\PC602\Downloads\Lab1_CTdl\Phần E\Bai1\Bai1\Source.cpp(32,70): warning C4566: character represented by universal-character-name '\u1EA7' cannot be represented in the current code page (1252)
C:\Users\PC602\Downloads\Lab1_CTdl\Phần E\Bai1\Bai1\Source.cpp(32,70): warning C4566: character represented by universal-character-name '\u01B0' cannot be represented in the current code page (1252)
C:\Users\PC602\Downloads\Lab1_CTdl\Phần E\Bai1\Bai1\Source.cpp(32,70): warning C4566: character represented by universal-character-name '\u1EDF' cannot be represented in the current code page (1252)
C:\Users\PC602\Downloads\Lab1_CTdl\Phần E\Bai1\Bai1\Source.cpp(41,13): warning C4566: character represented by universal-character-name '\u1EAD' cannot be represented in the current code page (1252)
C:\Users\PC602\Downloads\Lab1_CTdl\Phần E\Bai1\Bai1\Source.cpp(41,13): warning C4566: character represented by universal-character-name '\u1ED1' cannot be represented in the current code page (1252)
C:\Users\PC602\Downloads\Lab1_CTdl\Phần E\Bai1\Bai1\Source.cpp(41,13): warning C4566: character represented by universal-character-name '\u1EA7' cannot be represented in the current code page (1252)
C:\Users\PC602\Downloads\Lab1_CTdl\Phần E\Bai1\Bai1\Source.cpp(41,13): warning C4566: character represented by universal-character-name '\u01B0' cannot be represented in the current code page (1252)
C:\Users\PC602\Downloads\Lab1_CTdl\Phần E\Bai1\Bai1\Source.cpp(41,13): warning C4566: character represented by universal-character-name '\u1EDF' cannot be represented in the current code page (1252)
C:\Users\PC602\Downloads\Lab1_CTdl\Phần E\Bai1\Bai1\Source.cpp(43,13): warning C4566: character represented by universal-character-name '\u1EAD' cannot be represented in the current code page (1252)
C:\Users\PC602\Downloads\Lab1_CTdl\Phần E\Bai1\Bai1\Source.cpp(43,13): warning C4566: character represented by universal-character-name '\u1ED1' cannot be represented in the current code page (1252)
C:\Users\PC602\Downloads\Lab1_CTdl\Phần E\Bai1\Bai1\Source.cpp(43,13): warning C4566: character represented by universal-character-name '\u1ECD' cannot be represented in the current code page (1252)
C:\Users\PC602\Downloads\Lab1_CTdl\Phần E\Bai1\Bai1\Source.cpp(47,17): warning C4566: character represented by universal-character-name '\u1ED1' cannot be represented in the current code page (1252)
C:\Users\PC602\Downloads\Lab1_CTdl\Phần E\Bai1\Bai1\Source.cpp(47,17): warning C4566: character represented by universal-character-name '\u1EA7' cannot be represented in the current code page (1252)
C:\Users\PC602\Downloads\Lab1_CTdl\Phần E\Bai1\Bai1\Source.cpp(47,17): warning C4566: character represented by universal-character-name '\u01B0' cannot be represented in the current code page (1252)
C:\Users\PC602\Downloads\Lab1_CTdl\Phần E\Bai1\Bai1\Source.cpp(47,17): warning C4566: character represented by universal-character-name '\u1EDF' cannot be represented in the current code page (1252)
C:\Users\PC602\Downloads\Lab1_CTdl\Phần E\Bai1\Bai1\Source.cpp(47,17): warning C4566: character represented by universal-character-name '\u1EA3' cannot be represented in the current code page (1252)
C:\Users\PC602\Downloads\Lab1_CTdl\Phần E\Bai1\Bai1\Source.cpp(47,17): warning C4566: character represented by universal-character-name '\u1ECD' cannot be represented in the current code page (1252)
C:\Users\PC602\Downloads\Lab1_CTdl\Phần E\Bai1\Bai1\Source.cpp(47,17): warning C4566: character represented by universal-character-name '\u01A1' cannot be represented in the current code page (1252)
C:\Users\PC602\Downloads\Lab1_CTdl\Phần E\Bai1\Bai1\Source.cpp(53,13): warning C4566: character represented by universal-character-name '\u1EBF' cannot be represented in the current code page (1252)
C:\Users\PC602\Downloads\Lab1_CTdl\Phần E\Bai1\Bai1\Source.cpp(53,13): warning C4566: character represented by universal-character-name '\u1EA3' cannot be represented in the current code page (1252)
C:\Users\PC602\Downloads\Lab1_CTdl\Phần E\Bai1\Bai1\Source.cpp(53,13): warning C4566: character represented by universal-character-name '\u1ED1' cannot be represented in the current code page (1252)
C:\Users\PC602\Downloads\Lab1_CTdl\Phần E\Bai1\Bai1\Source.cpp(53,13): warning C4566: character represented by universal-character-name '\u1EA7' cannot be represented in the current code page (1252)
C:\Users\PC602\Downloads\Lab1_CTdl\Phần E\Bai1\Bai1\Source.cpp(53,13): warning C4566: character represented by universal-character-name '\u01B0' cannot be represented in the current code page (1252)
C:\Users\PC602\Downloads\Lab1_CTdl\Phần E\Bai1\Bai1\Source.cpp(53,13): warning C4566: character represented by universal-character-name '\u1EDF' cannot be represented in the current code page (1252)
  Bai1.vcxproj -> C:\Users\PC602\Downloads\Lab1_CTdl\Phần E\Bai1\x64\Debug\Bai1.exe
